# JRE version: OpenJDK Runtime Environment (11.0.5+10) (build 11.0.5+10-b520.38)
# Java VM: OpenJDK 64-Bit Server VM (11.0.5+10-b520.38, mixed mode, sharing, tiered, compressed oops, g1 gc, windows-amd64)
Heap:
 garbage-first heap   total 187392K, used 76347K [0x0000000082600000, 0x0000000100000000)
  region size 1024K, 51 young (52224K), 5 survivors (5120K)
 Metaspace       used 65753K, capacity 67430K, committed 67612K, reserved 1107968K
  class space    used 8733K, capacity 9370K, committed 9420K, reserved 1048576K
GC Heap History (18 events):
Event: 0.422 GC heap before
{Heap before GC invocations=0 (full 0):
 garbage-first heap   total 129024K, used 24576K [0x0000000082600000, 0x0000000100000000)
  region size 1024K, 24 young (24576K), 0 survivors (0K)
 Metaspace       used 4412K, capacity 6524K, committed 6656K, reserved 1056768K
  class space    used 481K, capacity 687K, committed 768K, reserved 1048576K
}
Event: 0.426 GC heap after
{Heap after GC invocations=1 (full 0):
 garbage-first heap   total 129024K, used 6673K [0x0000000082600000, 0x0000000100000000)
  region size 1024K, 3 young (3072K), 3 survivors (3072K)
 Metaspace       used 4412K, capacity 6524K, committed 6656K, reserved 1056768K
  class space    used 481K, capacity 687K, committed 768K, reserved 1048576K
}
Event: 0.751 GC heap before
{Heap before GC invocations=1 (full 0):
 garbage-first heap   total 129024K, used 79377K [0x0000000082600000, 0x0000000100000000)
  region size 1024K, 75 young (76800K), 3 survivors (3072K)
 Metaspace       used 11006K, capacity 11633K, committed 11904K, reserved 1058816K
  class space    used 1468K, capacity 1620K, committed 1664K, reserved 1048576K
}
Event: 0.757 GC heap after
{Heap after GC invocations=2 (full 0):
 garbage-first heap   total 129024K, used 8800K [0x0000000082600000, 0x0000000100000000)
  region size 1024K, 6 young (6144K), 6 survivors (6144K)
 Metaspace       used 11006K, capacity 11633K, committed 11904K, reserved 1058816K
  class space    used 1468K, capacity 1620K, committed 1664K, reserved 1048576K
}
Event: 1.160 GC heap before
{Heap before GC invocations=2 (full 0):
 garbage-first heap   total 129024K, used 78432K [0x0000000082600000, 0x0000000100000000)
  region size 1024K, 75 young (76800K), 6 survivors (6144K)
 Metaspace       used 18557K, capacity 19140K, committed 19328K, reserved 1067008K
  class space    used 2378K, capacity 2613K, committed 2688K, reserved 1048576K
}
Event: 1.164 GC heap after
{Heap after GC invocations=3 (full 0):
 garbage-first heap   total 129024K, used 10769K [0x0000000082600000, 0x0000000100000000)
  region size 1024K, 7 young (7168K), 7 survivors (7168K)
 Metaspace       used 18557K, capacity 19140K, committed 19328K, reserved 1067008K
  class space    used 2378K, capacity 2613K, committed 2688K, reserved 1048576K
}
Event: 1.538 GC heap before
{Heap before GC invocations=3 (full 0):
 garbage-first heap   total 129024K, used 54801K [0x0000000082600000, 0x0000000100000000)
  region size 1024K, 52 young (53248K), 7 survivors (7168K)
 Metaspace       used 20436K, capacity 21084K, committed 21296K, reserved 1067008K
  class space    used 2576K, capacity 2826K, committed 2944K, reserved 1048576K
}
Event: 1.546 GC heap after
{Heap after GC invocations=4 (full 0):
 garbage-first heap   total 129024K, used 11844K [0x0000000082600000, 0x0000000100000000)
  region size 1024K, 5 young (5120K), 5 survivors (5120K)
 Metaspace       used 20436K, capacity 21084K, committed 21296K, reserved 1067008K
  class space    used 2576K, capacity 2826K, committed 2944K, reserved 1048576K
}
Event: 2.506 GC heap before
{Heap before GC invocations=5 (full 0):
 garbage-first heap   total 129024K, used 83524K [0x0000000082600000, 0x0000000100000000)
  region size 1024K, 75 young (76800K), 5 survivors (5120K)
 Metaspace       used 29488K, capacity 30526K, committed 30768K, reserved 1075200K
  class space    used 3795K, capacity 4189K, committed 4224K, reserved 1048576K
}
Event: 2.513 GC heap after
{Heap after GC invocations=6 (full 0):
 garbage-first heap   total 155648K, used 16096K [0x0000000082600000, 0x0000000100000000)
  region size 1024K, 10 young (10240K), 10 survivors (10240K)
 Metaspace       used 29488K, capacity 30526K, committed 30768K, reserved 1075200K
  class space    used 3795K, capacity 4189K, committed 4224K, reserved 1048576K
}
Event: 2.631 GC heap before
{Heap before GC invocations=6 (full 0):
 garbage-first heap   total 155648K, used 94944K [0x0000000082600000, 0x0000000100000000)
  region size 1024K, 88 young (90112K), 10 survivors (10240K)
 Metaspace       used 30358K, capacity 31421K, committed 31664K, reserved 1077248K
  class space    used 3884K, capacity 4294K, committed 4352K, reserved 1048576K
}
Event: 2.637 GC heap after
{Heap after GC invocations=7 (full 0):
 garbage-first heap   total 155648K, used 16544K [0x0000000082600000, 0x0000000100000000)
  region size 1024K, 7 young (7168K), 7 survivors (7168K)
 Metaspace       used 30358K, capacity 31421K, committed 31664K, reserved 1077248K
  class space    used 3884K, capacity 4294K, committed 4352K, reserved 1048576K
}
Event: 2.924 GC heap before
{Heap before GC invocations=7 (full 0):
 garbage-first heap   total 155648K, used 41120K [0x0000000082600000, 0x0000000100000000)
  region size 1024K, 32 young (32768K), 7 survivors (7168K)
 Metaspace       used 34780K, capacity 35858K, committed 35920K, reserved 1081344K
  class space    used 4376K, capacity 4853K, committed 4864K, reserved 1048576K
}
Event: 2.930 GC heap after
{Heap after GC invocations=8 (full 0):
 garbage-first heap   total 155648K, used 19360K [0x0000000082600000, 0x0000000100000000)
  region size 1024K, 9 young (9216K), 9 survivors (9216K)
 Metaspace       used 34780K, capacity 35858K, committed 35920K, reserved 1081344K
  class space    used 4376K, capacity 4853K, committed 4864K, reserved 1048576K
}
Event: 4.353 GC heap before
{Heap before GC invocations=9 (full 0):
 garbage-first heap   total 155648K, used 103328K [0x0000000082600000, 0x0000000100000000)
  region size 1024K, 91 young (93184K), 9 survivors (9216K)
 Metaspace       used 51038K, capacity 52280K, committed 52380K, reserved 1095680K
  class space    used 6709K, capacity 7205K, committed 7244K, reserved 1048576K
}
Event: 4.364 GC heap after
{Heap after GC invocations=10 (full 0):
 garbage-first heap   total 155648K, used 25349K [0x0000000082600000, 0x0000000100000000)
  region size 1024K, 10 young (10240K), 10 survivors (10240K)
 Metaspace       used 51038K, capacity 52280K, committed 52380K, reserved 1095680K
  class space    used 6709K, capacity 7205K, committed 7244K, reserved 1048576K
}
Event: 5.323 GC heap before
{Heap before GC invocations=11 (full 0):
 garbage-first heap   total 155648K, used 108293K [0x0000000082600000, 0x0000000100000000)
  region size 1024K, 91 young (93184K), 10 survivors (10240K)
 Metaspace       used 60660K, capacity 62245K, committed 62364K, reserved 1103872K
  class space    used 8108K, capacity 8694K, committed 8780K, reserved 1048576K
}
Event: 5.331 GC heap after
{Heap after GC invocations=12 (full 0):
 garbage-first heap   total 187392K, used 30267K [0x0000000082600000, 0x0000000100000000)
  region size 1024K, 5 young (5120K), 5 survivors (5120K)
 Metaspace       used 60660K, capacity 62245K, committed 62364K, reserved 1103872K
  class space    used 8108K, capacity 8694K, committed 8780K, reserved 1048576K
}

